Release 14.7 - xst P.20131013 (lin64)
Copyright (c) 1995-2013 Xilinx, Inc.  All rights reserved.
--> 
Parameter TMPDIR set to xst/projnav.tmp


Total REAL time to Xst completion: 0.00 secs
Total CPU time to Xst completion: 0.07 secs
 
--> 
Parameter xsthdpdir set to xst


Total REAL time to Xst completion: 0.00 secs
Total CPU time to Xst completion: 0.07 secs
 
--> 
Reading design: imageadder.prj

TABLE OF CONTENTS
  1) Synthesis Options Summary
  2) HDL Parsing
  3) HDL Elaboration
  4) HDL Synthesis
       4.1) HDL Synthesis Report
  5) Advanced HDL Synthesis
       5.1) Advanced HDL Synthesis Report
  6) Low Level Synthesis
  7) Partition Report
  8) Design Summary
       8.1) Primitive and Black Box Usage
       8.2) Device utilization summary
       8.3) Partition Resource Summary
       8.4) Timing Report
            8.4.1) Clock Information
            8.4.2) Asynchronous Control Signals Information
            8.4.3) Timing Summary
            8.4.4) Timing Details
            8.4.5) Cross Clock Domains Report


=========================================================================
*                      Synthesis Options Summary                        *
=========================================================================
---- Source Parameters
Input File Name                    : "imageadder.prj"
Ignore Synthesis Constraint File   : NO

---- Target Parameters
Output File Name                   : "imageadder"
Output Format                      : NGC
Target Device                      : xc7vx485t-2-ffg1157

---- Source Options
Top Module Name                    : imageadder
Automatic FSM Extraction           : YES
FSM Encoding Algorithm             : Auto
Safe Implementation                : No
FSM Style                          : LUT
RAM Extraction                     : Yes
RAM Style                          : Auto
ROM Extraction                     : Yes
Shift Register Extraction          : YES
ROM Style                          : Auto
Resource Sharing                   : YES
Asynchronous To Synchronous        : NO
Shift Register Minimum Size        : 2
Use DSP Block                      : Auto
Automatic Register Balancing       : No

---- Target Options
LUT Combining                      : Auto
Reduce Control Sets                : Auto
Add IO Buffers                     : YES
Global Maximum Fanout              : 100000
Add Generic Clock Buffer(BUFG)     : 32
Register Duplication               : YES
Optimize Instantiated Primitives   : NO
Use Clock Enable                   : Auto
Use Synchronous Set                : Auto
Use Synchronous Reset              : Auto
Pack IO Registers into IOBs        : Auto
Equivalent register Removal        : YES

---- General Options
Optimization Goal                  : Speed
Optimization Effort                : 1
Power Reduction                    : NO
Keep Hierarchy                     : No
Netlist Hierarchy                  : As_Optimized
RTL Output                         : Yes
Global Optimization                : AllClockNets
Read Cores                         : YES
Write Timing Constraints           : NO
Cross Clock Analysis               : NO
Hierarchy Separator                : /
Bus Delimiter                      : <>
Case Specifier                     : Maintain
Slice Utilization Ratio            : 100
BRAM Utilization Ratio             : 100
DSP48 Utilization Ratio            : 100
Auto BRAM Packing                  : NO
Slice Utilization Ratio Delta      : 5

---- Other Options
Cores Search Directories           : {"ipcore_dir"  }

=========================================================================


=========================================================================
*                          HDL Parsing                                  *
=========================================================================
Analyzing Verilog file "/home/kiran/Noor sir/xlinux/Imageadder/ipcore_dir/blk_mem.v" into library work
Parsing module <blk_mem>.
Analyzing Verilog file "/home/kiran/Noor sir/xlinux/Imageadder/imageadder.v" into library work
Parsing module <imageadder>.

=========================================================================
*                            HDL Elaboration                            *
=========================================================================

Elaborating module <imageadder>.

Elaborating module <blk_mem>.
WARNING:HDLCompiler:1499 - "/home/kiran/Noor sir/xlinux/Imageadder/ipcore_dir/blk_mem.v" Line 39: Empty module <blk_mem> remains a black box.
WARNING:HDLCompiler:413 - "/home/kiran/Noor sir/xlinux/Imageadder/imageadder.v" Line 45: Result of 7-bit expression is truncated to fit in 6-bit target.
WARNING:HDLCompiler:413 - "/home/kiran/Noor sir/xlinux/Imageadder/imageadder.v" Line 46: Result of 32-bit expression is truncated to fit in 6-bit target.

=========================================================================
*                           HDL Synthesis                               *
=========================================================================

Synthesizing Unit <imageadder>.
    Related source file is "/home/kiran/Noor sir/xlinux/Imageadder/imageadder.v".
    Found 6-bit register for signal <newadd>.
    Found 6-bit register for signal <addr>.
    Found 8-bit adder for signal <out1[7]_out2[7]_add_0_OUT> created at line 35.
    Found 6-bit adder for signal <addr[5]_GND_1_o_add_3_OUT> created at line 45.
    Found 6-bit subtractor for signal <GND_1_o_GND_1_o_sub_5_OUT<5:0>> created at line 46.
    Summary:
	inferred   3 Adder/Subtractor(s).
	inferred  12 D-type flip-flop(s).
Unit <imageadder> synthesized.

=========================================================================
HDL Synthesis Report

Macro Statistics
# Adders/Subtractors                                   : 3
 6-bit adder                                           : 1
 6-bit subtractor                                      : 1
 8-bit adder                                           : 1
# Registers                                            : 2
 6-bit register                                        : 2

=========================================================================

=========================================================================
*                       Advanced HDL Synthesis                          *
=========================================================================

Reading core <ipcore_dir/blk_mem.ngc>.
Loading core <blk_mem> for timing and area information for instance <blk1>.
Loading core <blk_mem> for timing and area information for instance <blk2>.
Loading core <blk_mem> for timing and area information for instance <bout>.

Synthesizing (advanced) Unit <imageadder>.
The following registers are absorbed into counter <addr>: 1 register on signal <addr>.
Unit <imageadder> synthesized (advanced).

=========================================================================
Advanced HDL Synthesis Report

Macro Statistics
# Adders/Subtractors                                   : 3
 6-bit adder                                           : 1
 6-bit subtractor                                      : 1
 8-bit adder                                           : 1
# Counters                                             : 1
 6-bit up counter                                      : 1
# Registers                                            : 6
 Flip-Flops                                            : 6

=========================================================================

=========================================================================
*                         Low Level Synthesis                           *
=========================================================================

Optimizing unit <imageadder> ...

Mapping all equations...
Building and optimizing final netlist ...
Found area constraint ratio of 100 (+ 5) on block imageadder, actual ratio is 0.

Final Macro Processing ...

=========================================================================
Final Register Report

Macro Statistics
# Registers                                            : 12
 Flip-Flops                                            : 12

=========================================================================

=========================================================================
*                           Partition Report                            *
=========================================================================

Partition Implementation Status
-------------------------------

  No Partitions were found in this design.

-------------------------------

=========================================================================
*                            Design Summary                             *
=========================================================================

Top Level Output File Name         : imageadder.ngc

Primitive and Black Box Usage:
------------------------------
# BELS                             : 37
#      GND                         : 4
#      INV                         : 1
#      LUT2                        : 9
#      LUT3                        : 1
#      LUT4                        : 1
#      LUT5                        : 1
#      LUT6                        : 1
#      MUXCY                       : 7
#      VCC                         : 4
#      XORCY                       : 8
# FlipFlops/Latches                : 12
#      FDR                         : 12
# RAMS                             : 3
#      RAMB18E1                    : 3
# Clock Buffers                    : 1
#      BUFGP                       : 1
# IO Buffers                       : 41
#      IBUF                        : 17
#      OBUF                        : 24

Device utilization summary:
---------------------------

Selected Device : 7vx485tffg1157-2 


Slice Logic Utilization: 
 Number of Slice Registers:              12  out of  607200     0%  
 Number of Slice LUTs:                   14  out of  303600     0%  
    Number used as Logic:                14  out of  303600     0%  

Slice Logic Distribution: 
 Number of LUT Flip Flop pairs used:     26
   Number with an unused Flip Flop:      14  out of     26    53%  
   Number with an unused LUT:            12  out of     26    46%  
   Number of fully used LUT-FF pairs:     0  out of     26     0%  
   Number of unique control sets:         1

IO Utilization: 
 Number of IOs:                          42
 Number of bonded IOBs:                  42  out of    600     7%  

Specific Feature Utilization:
 Number of Block RAM/FIFO:                2  out of   1030     0%  
    Number using Block RAM only:          2
 Number of BUFG/BUFGCTRLs:                1  out of     32     3%  

---------------------------
Partition Resource Summary:
---------------------------

  No Partitions were found in this design.

---------------------------


=========================================================================
Timing Report

NOTE: THESE TIMING NUMBERS ARE ONLY A SYNTHESIS ESTIMATE.
      FOR ACCURATE TIMING INFORMATION PLEASE REFER TO THE TRACE REPORT
      GENERATED AFTER PLACE-and-ROUTE.

Clock Information:
------------------
-----------------------------------+------------------------+-------+
Clock Signal                       | Clock buffer(FF name)  | Load  |
-----------------------------------+------------------------+-------+
clk                                | BUFGP                  | 15    |
-----------------------------------+------------------------+-------+

Asynchronous Control Signals Information:
----------------------------------------
No asynchronous control signals found in this design

Timing Summary:
---------------
Speed Grade: -2

   Minimum period: 3.716ns (Maximum Frequency: 269.078MHz)
   Minimum input arrival time before clock: 0.882ns
   Maximum output required time after clock: 2.144ns
   Maximum combinational path delay: No path found

Timing Details:
---------------
All values displayed in nanoseconds (ns)

=========================================================================
Timing constraint: Default period analysis for Clock 'clk'
  Clock period: 3.716ns (frequency: 269.078MHz)
  Total number of paths / destination ports: 163 / 56
-------------------------------------------------------------------------
Delay:               3.716ns (Levels of Logic = 10)
  Source:            blk1/U0/xst_blk_mem_generator/gnativebmg.native_blk_mem_gen/valid.cstr/ramloop[0].ram.r/v6_init.ram/NO_BMM_INFO.SP.WIDE_PRIM18.ram (RAM)
  Destination:       bout/U0/xst_blk_mem_generator/gnativebmg.native_blk_mem_gen/valid.cstr/ramloop[0].ram.r/v6_init.ram/NO_BMM_INFO.SP.WIDE_PRIM18.ram (RAM)
  Source Clock:      clk rising
  Destination Clock: clk rising

  Data Path: blk1/U0/xst_blk_mem_generator/gnativebmg.native_blk_mem_gen/valid.cstr/ramloop[0].ram.r/v6_init.ram/NO_BMM_INFO.SP.WIDE_PRIM18.ram to bout/U0/xst_blk_mem_generator/gnativebmg.native_blk_mem_gen/valid.cstr/ramloop[0].ram.r/v6_init.ram/NO_BMM_INFO.SP.WIDE_PRIM18.ram
                                Gate     Net
    Cell:in->out      fanout   Delay   Delay  Logical Name (Net Name)
    ----------------------------------------  ------------
     RAMB18E1:CLKARDCLK->DOADO0    2   1.800   0.410  U0/xst_blk_mem_generator/gnativebmg.native_blk_mem_gen/valid.cstr/ramloop[0].ram.r/v6_init.ram/NO_BMM_INFO.SP.WIDE_PRIM18.ram (douta<0>)
     end scope: 'blk1:douta<0>'
     LUT2:I0->O            1   0.043   0.000  Madd_out1[7]_out2[7]_add_0_OUT_lut<0> (Madd_out1[7]_out2[7]_add_0_OUT_lut<0>)
     MUXCY:S->O            1   0.238   0.000  Madd_out1[7]_out2[7]_add_0_OUT_cy<0> (Madd_out1[7]_out2[7]_add_0_OUT_cy<0>)
     MUXCY:CI->O           1   0.013   0.000  Madd_out1[7]_out2[7]_add_0_OUT_cy<1> (Madd_out1[7]_out2[7]_add_0_OUT_cy<1>)
     MUXCY:CI->O           1   0.013   0.000  Madd_out1[7]_out2[7]_add_0_OUT_cy<2> (Madd_out1[7]_out2[7]_add_0_OUT_cy<2>)
     MUXCY:CI->O           1   0.013   0.000  Madd_out1[7]_out2[7]_add_0_OUT_cy<3> (Madd_out1[7]_out2[7]_add_0_OUT_cy<3>)
     MUXCY:CI->O           1   0.013   0.000  Madd_out1[7]_out2[7]_add_0_OUT_cy<4> (Madd_out1[7]_out2[7]_add_0_OUT_cy<4>)
     MUXCY:CI->O           1   0.013   0.000  Madd_out1[7]_out2[7]_add_0_OUT_cy<5> (Madd_out1[7]_out2[7]_add_0_OUT_cy<5>)
     MUXCY:CI->O           0   0.013   0.000  Madd_out1[7]_out2[7]_add_0_OUT_cy<6> (Madd_out1[7]_out2[7]_add_0_OUT_cy<6>)
     XORCY:CI->O           1   0.262   0.339  Madd_out1[7]_out2[7]_add_0_OUT_xor<7> (out1[7]_out2[7]_add_0_OUT<7>)
     begin scope: 'bout:dina<7>'
     RAMB18E1:DIBDI9           0.543          U0/xst_blk_mem_generator/gnativebmg.native_blk_mem_gen/valid.cstr/ramloop[0].ram.r/v6_init.ram/NO_BMM_INFO.SP.WIDE_PRIM18.ram
    ----------------------------------------
    Total                      3.716ns (2.967ns logic, 0.749ns route)
                                       (79.8% logic, 20.2% route)

=========================================================================
Timing constraint: Default OFFSET IN BEFORE for Clock 'clk'
  Total number of paths / destination ports: 28 / 28
-------------------------------------------------------------------------
Offset:              0.882ns (Levels of Logic = 2)
  Source:            data2<3> (PAD)
  Destination:       blk2/U0/xst_blk_mem_generator/gnativebmg.native_blk_mem_gen/valid.cstr/ramloop[0].ram.r/v6_init.ram/NO_BMM_INFO.SP.WIDE_PRIM18.ram (RAM)
  Destination Clock: clk rising

  Data Path: data2<3> to blk2/U0/xst_blk_mem_generator/gnativebmg.native_blk_mem_gen/valid.cstr/ramloop[0].ram.r/v6_init.ram/NO_BMM_INFO.SP.WIDE_PRIM18.ram
                                Gate     Net
    Cell:in->out      fanout   Delay   Delay  Logical Name (Net Name)
    ----------------------------------------  ------------
     IBUF:I->O             1   0.000   0.339  data2_3_IBUF (data2_3_IBUF)
     begin scope: 'blk2:dina<3>'
     RAMB18E1:DIADI9           0.543          U0/xst_blk_mem_generator/gnativebmg.native_blk_mem_gen/valid.cstr/ramloop[0].ram.r/v6_init.ram/NO_BMM_INFO.SP.WIDE_PRIM18.ram
    ----------------------------------------
    Total                      0.882ns (0.543ns logic, 0.339ns route)
                                       (61.6% logic, 38.4% route)

=========================================================================
Timing constraint: Default OFFSET OUT AFTER for Clock 'clk'
  Total number of paths / destination ports: 24 / 24
-------------------------------------------------------------------------
Offset:              2.144ns (Levels of Logic = 2)
  Source:            blk1/U0/xst_blk_mem_generator/gnativebmg.native_blk_mem_gen/valid.cstr/ramloop[0].ram.r/v6_init.ram/NO_BMM_INFO.SP.WIDE_PRIM18.ram (RAM)
  Destination:       out1<7> (PAD)
  Source Clock:      clk rising

  Data Path: blk1/U0/xst_blk_mem_generator/gnativebmg.native_blk_mem_gen/valid.cstr/ramloop[0].ram.r/v6_init.ram/NO_BMM_INFO.SP.WIDE_PRIM18.ram to out1<7>
                                Gate     Net
    Cell:in->out      fanout   Delay   Delay  Logical Name (Net Name)
    ----------------------------------------  ------------
     RAMB18E1:CLKARDCLK->DOBDO9    2   1.800   0.344  U0/xst_blk_mem_generator/gnativebmg.native_blk_mem_gen/valid.cstr/ramloop[0].ram.r/v6_init.ram/NO_BMM_INFO.SP.WIDE_PRIM18.ram (douta<7>)
     end scope: 'blk1:douta<7>'
     OBUF:I->O                 0.000          out1_7_OBUF (out1<7>)
    ----------------------------------------
    Total                      2.144ns (1.800ns logic, 0.344ns route)
                                       (83.9% logic, 16.1% route)

=========================================================================

Cross Clock Domains Report:
--------------------------

Clock to Setup on destination clock clk
---------------+---------+---------+---------+---------+
               | Src:Rise| Src:Fall| Src:Rise| Src:Fall|
Source Clock   |Dest:Rise|Dest:Rise|Dest:Fall|Dest:Fall|
---------------+---------+---------+---------+---------+
clk            |    3.716|         |         |         |
---------------+---------+---------+---------+---------+

=========================================================================


Total REAL time to Xst completion: 17.00 secs
Total CPU time to Xst completion: 14.77 secs
 
--> 


Total memory usage is 558776 kilobytes

Number of errors   :    0 (   0 filtered)
Number of warnings :    3 (   0 filtered)
Number of infos    :    0 (   0 filtered)

